Arguments: 
  C:\Program Files\nodejs\node.exe C:\Users\jabin\johnny\.yarn\releases\yarn-1.22.4.js start

PATH: 
  C:\Program Files\nodejs;C:\Program Files (x86)\Common Files\Oracle\Java\javapath;c:\windows\system32;c:\windows;c:\windows\system32\wbem;c:\windows\system32\windowspowershell\v1.0\;C:\Program Files (x86)\NVIDIA Corporation\PhysX\Common;C:\WINDOWS\system32;C:\WINDOWS;C:\WINDOWS\System32\Wbem;C:\WINDOWS\System32\WindowsPowerShell\v1.0\;C:\WINDOWS\System32\OpenSSH\;C:\Program Files\NVIDIA Corporation\NVIDIA NvDLISR;C:\WINDOWS\system32;C:\WINDOWS;C:\WINDOWS\System32\Wbem;C:\WINDOWS\System32\WindowsPowerShell\v1.0\;C:\Program Files\Git\cmd;C:\Program Files\nodejs\;C:\Users\jabin\AppData\Local\Programs\Python\Python38\Scripts\;C:\Users\jabin\AppData\Local\Programs\Python\Python38\;C:\Ruby26-x64\bin;C:\Users\jabin\AppData\Local\Microsoft\WindowsApps;C:\Users\jabin\AppData\Local\Programs\Microsoft VS Code\bin;C:\Users\jabin\AppData\Local\GitHubDesktop\bin;C:\Program Files\heroku\bin;C:\Users\jabin\AppData\Roaming\npm

Yarn version: 
  1.22.4

Node version: 
  14.8.0

Platform: 
  win32 x64

Trace: 
  SyntaxError: C:\Users\jabin\johnny\lol-finder-project\package.json: Unexpected token / in JSON at position 559
      at JSON.parse (<anonymous>)
      at C:\Users\jabin\johnny\.yarn\releases\yarn-1.22.4.js:1098:57
      at Generator.next (<anonymous>)
      at step (C:\Users\jabin\johnny\.yarn\releases\yarn-1.22.4.js:310:30)
      at C:\Users\jabin\johnny\.yarn\releases\yarn-1.22.4.js:321:13

npm manifest: 
  {
    "name": "lol-finder-project",
    "version": "0.1.0",
    "private": true,
    "dependencies": {
      "@testing-library/jest-dom": "^4.2.4",
      "@testing-library/react": "^9.3.2",
      "@testing-library/user-event": "^7.1.2",
      "axios": "^0.19.2",
      "bootstrap": "^4.5.0",
      "dotenv": "^8.2.0",
      "node-sass": "^4.14.1",
      "react": "^16.13.1",
      "react-bootstrap": "^1.3.0",
      "react-dom": "^16.13.1",
      "react-router-dom": "^5.2.0",
      "react-scripts": "3.4.1",
      "serve": "^11.3.2",
      "styled-components": "^5.1.1"
    },
    "scripts": {
      // "start": "serve -s build", 
      "start": "react-scripts build",
      "build": "react-scripts build",
      "test": "react-scripts test",
      "eject": "react-scripts eject"
    },
    "eslintConfig": {
      "extends": "react-app"
    },
    "browserslist": {
      "production": [
        ">0.2%",
        "not dead",
        "not op_mini all"
      ],
      "development": [
        "last 1 chrome version",
        "last 1 firefox version",
        "last 1 safari version"
      ]
    },
    "devDependencies": {
      "webpack-cli": "^3.3.12"
    }
  }

yarn manifest: 
  No manifest

Lockfile: 
  No lockfile
